Task 38/499
  QUBO(9x9)  opt=-22.000  δ=77.00
  Structural : ['x_0 + x_1 + x_2 + x_3 <= 2', '4*x_4*x_4 + 5*x_4*x_5 + 2*x_4*x_6 + 5*x_4*x_7 + 4*x_5*x_5 + 3*x_5*x_6 + 5*x_5*x_7 + 3*x_6*x_6 + 2*x_6*x_7 + 3*x_7*x_7 <= 22']
  Penalty    : ['x_6 + x_7 + x_8 <= 1']
  HybridQAOA p=1: AR=0.8856  P(feas)=0.7840
    ✓ P(feasible) threshold reached at p=1
ERROR: Unable to allocate 256. GiB for an array with shape (17179869184,) and data type complex128
Traceback (most recent call last):
  File "/lustre/sip/proj/SIP-UTK0040/awilkie1/gadget_code/run/run_hybrid_vs_penalty.py", line 322, in <module>
    result = run_task(task, qubos, args.db)
             ^^^^^^^^^^^^^^^^^^^^^^^^^^^^^^
  File "/lustre/sip/proj/SIP-UTK0040/awilkie1/gadget_code/run/run_hybrid_vs_penalty.py", line 188, in run_task
    C_max = float(max(qml.eigvals(pen_solver.full_Ham)))
                      ^^^^^^^^^^^^^^^^^^^^^^^^^^^^^^^^
  File "/lustre/sip/proj/SIP-UTK0040/awilkie1/conda_stuff/oss/lib/python3.11/site-packages/pennylane/ops/functions/eigvals.py", line 136, in eigvals
    return op.eigvals()
           ^^^^^^^^^^^^
  File "/lustre/sip/proj/SIP-UTK0040/awilkie1/conda_stuff/oss/lib/python3.11/site-packages/pennylane/ops/op_math/linear_combination.py", line 520, in eigvals
    tmp_composite.eigendecomposition["eigval"],
    ^^^^^^^^^^^^^^^^^^^^^^^^^^^^^^^^
  File "/lustre/sip/proj/SIP-UTK0040/awilkie1/conda_stuff/oss/lib/python3.11/site-packages/pennylane/ops/op_math/composite.py", line 246, in eigendecomposition
    mat = self.matrix()
          ^^^^^^^^^^^^^
  File "/lustre/sip/proj/SIP-UTK0040/awilkie1/conda_stuff/oss/lib/python3.11/site-packages/pennylane/ops/op_math/sum.py", line 330, in matrix
    return self.pauli_rep.to_mat(wire_order=wire_order or self.wires)
           ^^^^^^^^^^^^^^^^^^^^^^^^^^^^^^^^^^^^^^^^^^^^^^^^^^^^^^^^^^
  File "/lustre/sip/proj/SIP-UTK0040/awilkie1/conda_stuff/oss/lib/python3.11/site-packages/pennylane/pauli/pauli_arithmetic.py", line 850, in to_mat
    return self._to_dense_mat(wire_order)
           ^^^^^^^^^^^^^^^^^^^^^^^^^^^^^^
  File "/lustre/sip/proj/SIP-UTK0040/awilkie1/conda_stuff/oss/lib/python3.11/site-packages/pennylane/pauli/pauli_arithmetic.py", line 911, in _to_dense_mat
    mat = self._sum_same_structure_pws_dense([pauli_words[i] for i in indices], wire_order)
          ^^^^^^^^^^^^^^^^^^^^^^^^^^^^^^^^^^^^^^^^^^^^^^^^^^^^^^^^^^^^^^^^^^^^^^^^^^^^^^^^^
  File "/lustre/sip/proj/SIP-UTK0040/awilkie1/conda_stuff/oss/lib/python3.11/site-packages/pennylane/pauli/pauli_arithmetic.py", line 962, in _sum_same_structure_pws_dense
    data0 = pauli_words[0]._get_csr_data(wire_order, 1)
            ^^^^^^^^^^^^^^^^^^^^^^^^^^^^^^^^^^^^^^^^^^^
  File "/lustre/sip/proj/SIP-UTK0040/awilkie1/conda_stuff/oss/lib/python3.11/site-packages/pennylane/pauli/pauli_arithmetic.py", line 458, in _get_csr_data
    data = np.empty(matrix_size, dtype=np.complex128)  # Non-zero values
           ^^^^^^^^^^^^^^^^^^^^^^^^^^^^^^^^^^^^^^^^^^
numpy.core._exceptions._ArrayMemoryError: Unable to allocate 256. GiB for an array with shape (17179869184,) and data type complex128

