Task 7/499
  QUBO(9x9)  opt=-25.000  δ=65.00
  Structural : ['2*x_0*x_0 + 5*x_0*x_1 + 2*x_0*x_2 + 2*x_1*x_1 + 1*x_1*x_2 + 1*x_2*x_2 <= 7', '2*x_3*x_3 + 5*x_3*x_4 + 4*x_3*x_5 + 2*x_3*x_6 + 4*x_3*x_7 + 5*x_4*x_4 + 5*x_4*x_5 + 2*x_4*x_6 + 1*x_4*x_7 + 4*x_5*x_5 + 1*x_5*x_6 + 2*x_5*x_7 + 5*x_6*x_6 + 4*x_6*x_7 + 2*x_7*x_7 <= 29']
  Penalty    : ['x_2 + x_7 + x_8 >= 2']
  HybridQAOA p=1: AR=0.6779  P(feas)=0.1230
  HybridQAOA p=2: AR=0.6914  P(feas)=0.1828
  HybridQAOA p=3: AR=0.7020  P(feas)=0.2163
  HybridQAOA p=4: AR=0.7098  P(feas)=0.2593
  HybridQAOA p=5: AR=0.7155  P(feas)=0.2851
ERROR: Unable to allocate 512. TiB for an array with shape (70368744177665,) and data type int64
Traceback (most recent call last):
  File "/lustre/sip/proj/SIP-UTK0040/awilkie1/gadget_code/run/run_hybrid_vs_penalty.py", line 322, in <module>
    result = run_task(task, qubos, args.db)
             ^^^^^^^^^^^^^^^^^^^^^^^^^^^^^^
  File "/lustre/sip/proj/SIP-UTK0040/awilkie1/gadget_code/run/run_hybrid_vs_penalty.py", line 188, in run_task
    C_max = float(max(qml.eigvals(pen_solver.full_Ham)))
                      ^^^^^^^^^^^^^^^^^^^^^^^^^^^^^^^^
  File "/lustre/sip/proj/SIP-UTK0040/awilkie1/conda_stuff/oss/lib/python3.11/site-packages/pennylane/ops/functions/eigvals.py", line 136, in eigvals
    return op.eigvals()
           ^^^^^^^^^^^^
  File "/lustre/sip/proj/SIP-UTK0040/awilkie1/conda_stuff/oss/lib/python3.11/site-packages/pennylane/ops/op_math/linear_combination.py", line 520, in eigvals
    tmp_composite.eigendecomposition["eigval"],
    ^^^^^^^^^^^^^^^^^^^^^^^^^^^^^^^^
  File "/lustre/sip/proj/SIP-UTK0040/awilkie1/conda_stuff/oss/lib/python3.11/site-packages/pennylane/ops/op_math/composite.py", line 246, in eigendecomposition
    mat = self.matrix()
          ^^^^^^^^^^^^^
  File "/lustre/sip/proj/SIP-UTK0040/awilkie1/conda_stuff/oss/lib/python3.11/site-packages/pennylane/ops/op_math/sum.py", line 330, in matrix
    return self.pauli_rep.to_mat(wire_order=wire_order or self.wires)
           ^^^^^^^^^^^^^^^^^^^^^^^^^^^^^^^^^^^^^^^^^^^^^^^^^^^^^^^^^^
  File "/lustre/sip/proj/SIP-UTK0040/awilkie1/conda_stuff/oss/lib/python3.11/site-packages/pennylane/pauli/pauli_arithmetic.py", line 850, in to_mat
    return self._to_dense_mat(wire_order)
           ^^^^^^^^^^^^^^^^^^^^^^^^^^^^^^
  File "/lustre/sip/proj/SIP-UTK0040/awilkie1/conda_stuff/oss/lib/python3.11/site-packages/pennylane/pauli/pauli_arithmetic.py", line 911, in _to_dense_mat
    mat = self._sum_same_structure_pws_dense([pauli_words[i] for i in indices], wire_order)
          ^^^^^^^^^^^^^^^^^^^^^^^^^^^^^^^^^^^^^^^^^^^^^^^^^^^^^^^^^^^^^^^^^^^^^^^^^^^^^^^^^
  File "/lustre/sip/proj/SIP-UTK0040/awilkie1/conda_stuff/oss/lib/python3.11/site-packages/pennylane/pauli/pauli_arithmetic.py", line 960, in _sum_same_structure_pws_dense
    base_matrix = sparse.csr_matrix((matrix_size, matrix_size), dtype="complex128")
                  ^^^^^^^^^^^^^^^^^^^^^^^^^^^^^^^^^^^^^^^^^^^^^^^^^^^^^^^^^^^^^^^^^
  File "/lustre/sip/proj/SIP-UTK0040/awilkie1/conda_stuff/oss/lib/python3.11/site-packages/scipy/sparse/_compressed.py", line 52, in __init__
    self.indptr = np.zeros(M + 1, dtype=idx_dtype)
                  ^^^^^^^^^^^^^^^^^^^^^^^^^^^^^^^^
numpy.core._exceptions._ArrayMemoryError: Unable to allocate 512. TiB for an array with shape (70368744177665,) and data type int64

