Task 11/499
  QUBO(10x10)  opt=-28.000  δ=129.00
  Structural : ['x_0 + x_1 + x_2 + x_3 <= 4', '6*x_4 + 7*x_5 + 8*x_6 + 9*x_7 + 5*x_8 <= 14']
  Penalty    : ['x_6 + x_2 + x_9 <= 1']
  HybridQAOA p=1: AR=0.8264  P(feas)=0.3610
  HybridQAOA p=2: AR=0.8302  P(feas)=0.3640
  HybridQAOA p=3: AR=0.8348  P(feas)=0.3914
  HybridQAOA p=4: AR=0.8402  P(feas)=0.4298
  HybridQAOA p=5: AR=0.8441  P(feas)=0.4449
ERROR: Unable to allocate 4.00 EiB for an array with shape (536870912, 536870912) and data type complex128
Traceback (most recent call last):
  File "/lustre/sip/proj/SIP-UTK0040/awilkie1/gadget_code/run/run_hybrid_vs_penalty.py", line 322, in <module>
    result = run_task(task, qubos, args.db)
             ^^^^^^^^^^^^^^^^^^^^^^^^^^^^^^
  File "/lustre/sip/proj/SIP-UTK0040/awilkie1/gadget_code/run/run_hybrid_vs_penalty.py", line 188, in run_task
    C_max = float(max(qml.eigvals(pen_solver.full_Ham)))
                      ^^^^^^^^^^^^^^^^^^^^^^^^^^^^^^^^
  File "/lustre/sip/proj/SIP-UTK0040/awilkie1/conda_stuff/oss/lib/python3.11/site-packages/pennylane/ops/functions/eigvals.py", line 136, in eigvals
    return op.eigvals()
           ^^^^^^^^^^^^
  File "/lustre/sip/proj/SIP-UTK0040/awilkie1/conda_stuff/oss/lib/python3.11/site-packages/pennylane/ops/op_math/linear_combination.py", line 520, in eigvals
    tmp_composite.eigendecomposition["eigval"],
    ^^^^^^^^^^^^^^^^^^^^^^^^^^^^^^^^
  File "/lustre/sip/proj/SIP-UTK0040/awilkie1/conda_stuff/oss/lib/python3.11/site-packages/pennylane/ops/op_math/composite.py", line 246, in eigendecomposition
    mat = self.matrix()
          ^^^^^^^^^^^^^
  File "/lustre/sip/proj/SIP-UTK0040/awilkie1/conda_stuff/oss/lib/python3.11/site-packages/pennylane/ops/op_math/sum.py", line 330, in matrix
    return self.pauli_rep.to_mat(wire_order=wire_order or self.wires)
           ^^^^^^^^^^^^^^^^^^^^^^^^^^^^^^^^^^^^^^^^^^^^^^^^^^^^^^^^^^
  File "/lustre/sip/proj/SIP-UTK0040/awilkie1/conda_stuff/oss/lib/python3.11/site-packages/pennylane/pauli/pauli_arithmetic.py", line 850, in to_mat
    return self._to_dense_mat(wire_order)
           ^^^^^^^^^^^^^^^^^^^^^^^^^^^^^^
  File "/lustre/sip/proj/SIP-UTK0040/awilkie1/conda_stuff/oss/lib/python3.11/site-packages/pennylane/pauli/pauli_arithmetic.py", line 911, in _to_dense_mat
    mat = self._sum_same_structure_pws_dense([pauli_words[i] for i in indices], wire_order)
          ^^^^^^^^^^^^^^^^^^^^^^^^^^^^^^^^^^^^^^^^^^^^^^^^^^^^^^^^^^^^^^^^^^^^^^^^^^^^^^^^^
  File "/lustre/sip/proj/SIP-UTK0040/awilkie1/conda_stuff/oss/lib/python3.11/site-packages/pennylane/pauli/pauli_arithmetic.py", line 968, in _sum_same_structure_pws_dense
    base_matrix = base_matrix.toarray()
                  ^^^^^^^^^^^^^^^^^^^^^
  File "/lustre/sip/proj/SIP-UTK0040/awilkie1/conda_stuff/oss/lib/python3.11/site-packages/scipy/sparse/_compressed.py", line 1170, in toarray
    out = self._process_toarray_args(order, out)
          ^^^^^^^^^^^^^^^^^^^^^^^^^^^^^^^^^^^^^^
  File "/lustre/sip/proj/SIP-UTK0040/awilkie1/conda_stuff/oss/lib/python3.11/site-packages/scipy/sparse/_base.py", line 1366, in _process_toarray_args
    return np.zeros(self.shape, dtype=self.dtype, order=order)
           ^^^^^^^^^^^^^^^^^^^^^^^^^^^^^^^^^^^^^^^^^^^^^^^^^^^
numpy.core._exceptions._ArrayMemoryError: Unable to allocate 4.00 EiB for an array with shape (536870912, 536870912) and data type complex128

