Task 212/499
  QUBO(7x7)  opt=-9.000  δ=33.00
  Structural : ['x_0 + x_1 + x_2 == 1', '2*x_3 + 7*x_4 + 7*x_5 <= 7']
  Penalty    : ['x_4 + x_2 + x_6 >= 3']
  HybridQAOA p=1: AR=0.8011  P(feas)=0.0000
  HybridQAOA p=2: AR=0.8450  P(feas)=0.0000
  HybridQAOA p=3: AR=0.8779  P(feas)=0.0000
  HybridQAOA p=4: AR=0.8913  P(feas)=0.0000
  HybridQAOA p=5: AR=0.8935  P(feas)=0.0000
ERROR: Unable to allocate 4.00 GiB for an array with shape (16384, 16384) and data type complex128
Traceback (most recent call last):
  File "/lustre/sip/proj/SIP-UTK0040/awilkie1/gadget_code/run/run_hybrid_vs_penalty.py", line 322, in <module>
    result = run_task(task, qubos, args.db)
             ^^^^^^^^^^^^^^^^^^^^^^^^^^^^^^
  File "/lustre/sip/proj/SIP-UTK0040/awilkie1/gadget_code/run/run_hybrid_vs_penalty.py", line 188, in run_task
    C_max = float(max(qml.eigvals(pen_solver.full_Ham)))
                      ^^^^^^^^^^^^^^^^^^^^^^^^^^^^^^^^
  File "/lustre/sip/proj/SIP-UTK0040/awilkie1/conda_stuff/oss/lib/python3.11/site-packages/pennylane/ops/functions/eigvals.py", line 136, in eigvals
    return op.eigvals()
           ^^^^^^^^^^^^
  File "/lustre/sip/proj/SIP-UTK0040/awilkie1/conda_stuff/oss/lib/python3.11/site-packages/pennylane/ops/op_math/linear_combination.py", line 520, in eigvals
    tmp_composite.eigendecomposition["eigval"],
    ^^^^^^^^^^^^^^^^^^^^^^^^^^^^^^^^
  File "/lustre/sip/proj/SIP-UTK0040/awilkie1/conda_stuff/oss/lib/python3.11/site-packages/pennylane/ops/op_math/composite.py", line 247, in eigendecomposition
    w, U = eigen_func(mat)
           ^^^^^^^^^^^^^^^
  File "/lustre/sip/proj/SIP-UTK0040/awilkie1/conda_stuff/oss/lib/python3.11/site-packages/autoray/autoray.py", line 81, in do
    return func(*args, **kwargs)
           ^^^^^^^^^^^^^^^^^^^^^
  File "/lustre/sip/proj/SIP-UTK0040/awilkie1/conda_stuff/oss/lib/python3.11/site-packages/numpy/linalg/linalg.py", line 1487, in eigh
    w, vt = gufunc(a, signature=signature, extobj=extobj)
            ^^^^^^^^^^^^^^^^^^^^^^^^^^^^^^^^^^^^^^^^^^^^^
numpy.core._exceptions._ArrayMemoryError: Unable to allocate 4.00 GiB for an array with shape (16384, 16384) and data type complex128

